CRITICAL - 2022-03-06 05:24:16 --> Invalid file: text.php
#0 /Users/constantinhoeft/Sites/localhost/voice-for-ukraine/system/View/View.php(198): CodeIgniter\Exceptions\FrameworkException::forInvalidFile('text.php')
#1 /Users/constantinhoeft/Sites/localhost/voice-for-ukraine/system/View/View.php(424): CodeIgniter\View\View->render('text', NULL, true)
#2 /Users/constantinhoeft/Sites/localhost/voice-for-ukraine/app/Views/home/index.php(11): CodeIgniter\View\View->include('text')
#3 /Users/constantinhoeft/Sites/localhost/voice-for-ukraine/system/View/View.php(210): include('/Users/constant...')
#4 /Users/constantinhoeft/Sites/localhost/voice-for-ukraine/system/View/View.php(213): CodeIgniter\View\View->CodeIgniter\View\{closure}()
#5 /Users/constantinhoeft/Sites/localhost/voice-for-ukraine/system/Common.php(1089): CodeIgniter\View\View->render('home/index', Array, true)
#6 /Users/constantinhoeft/Sites/localhost/voice-for-ukraine/app/Controllers/Home.php(9): view('home/index')
#7 /Users/constantinhoeft/Sites/localhost/voice-for-ukraine/system/CodeIgniter.php(832): App\Controllers\Home->index()
#8 /Users/constantinhoeft/Sites/localhost/voice-for-ukraine/system/CodeIgniter.php(419): CodeIgniter\CodeIgniter->runController(Object(App\Controllers\Home))
#9 /Users/constantinhoeft/Sites/localhost/voice-for-ukraine/system/CodeIgniter.php(326): CodeIgniter\CodeIgniter->handleRequest(NULL, Object(Config\Cache), false)
#10 /Users/constantinhoeft/Sites/localhost/voice-for-ukraine/public/index.php(37): CodeIgniter\CodeIgniter->run()
#11 {main}
CRITICAL - 2022-03-06 05:24:26 --> Invalid file: text.php
#0 /Users/constantinhoeft/Sites/localhost/voice-for-ukraine/system/View/View.php(198): CodeIgniter\Exceptions\FrameworkException::forInvalidFile('text.php')
#1 /Users/constantinhoeft/Sites/localhost/voice-for-ukraine/system/View/View.php(424): CodeIgniter\View\View->render('text', NULL, true)
#2 /Users/constantinhoeft/Sites/localhost/voice-for-ukraine/app/Views/home/index.php(11): CodeIgniter\View\View->include('text')
#3 /Users/constantinhoeft/Sites/localhost/voice-for-ukraine/system/View/View.php(210): include('/Users/constant...')
#4 /Users/constantinhoeft/Sites/localhost/voice-for-ukraine/system/View/View.php(213): CodeIgniter\View\View->CodeIgniter\View\{closure}()
#5 /Users/constantinhoeft/Sites/localhost/voice-for-ukraine/system/Common.php(1089): CodeIgniter\View\View->render('home/index', Array, true)
#6 /Users/constantinhoeft/Sites/localhost/voice-for-ukraine/app/Controllers/Home.php(9): view('home/index')
#7 /Users/constantinhoeft/Sites/localhost/voice-for-ukraine/system/CodeIgniter.php(832): App\Controllers\Home->index()
#8 /Users/constantinhoeft/Sites/localhost/voice-for-ukraine/system/CodeIgniter.php(419): CodeIgniter\CodeIgniter->runController(Object(App\Controllers\Home))
#9 /Users/constantinhoeft/Sites/localhost/voice-for-ukraine/system/CodeIgniter.php(326): CodeIgniter\CodeIgniter->handleRequest(NULL, Object(Config\Cache), false)
#10 /Users/constantinhoeft/Sites/localhost/voice-for-ukraine/public/index.php(37): CodeIgniter\CodeIgniter->run()
#11 {main}
CRITICAL - 2022-03-06 05:25:14 --> Invalid file: text.php
#0 /Users/constantinhoeft/Sites/localhost/voice-for-ukraine/system/View/View.php(198): CodeIgniter\Exceptions\FrameworkException::forInvalidFile('text.php')
#1 /Users/constantinhoeft/Sites/localhost/voice-for-ukraine/system/View/View.php(424): CodeIgniter\View\View->render('text', NULL, true)
#2 /Users/constantinhoeft/Sites/localhost/voice-for-ukraine/app/Views/home/index.php(11): CodeIgniter\View\View->include('text')
#3 /Users/constantinhoeft/Sites/localhost/voice-for-ukraine/system/View/View.php(210): include('/Users/constant...')
#4 /Users/constantinhoeft/Sites/localhost/voice-for-ukraine/system/View/View.php(213): CodeIgniter\View\View->CodeIgniter\View\{closure}()
#5 /Users/constantinhoeft/Sites/localhost/voice-for-ukraine/system/Common.php(1089): CodeIgniter\View\View->render('home/index', Array, true)
#6 /Users/constantinhoeft/Sites/localhost/voice-for-ukraine/app/Controllers/Home.php(9): view('home/index')
#7 /Users/constantinhoeft/Sites/localhost/voice-for-ukraine/system/CodeIgniter.php(832): App\Controllers\Home->index()
#8 /Users/constantinhoeft/Sites/localhost/voice-for-ukraine/system/CodeIgniter.php(419): CodeIgniter\CodeIgniter->runController(Object(App\Controllers\Home))
#9 /Users/constantinhoeft/Sites/localhost/voice-for-ukraine/system/CodeIgniter.php(326): CodeIgniter\CodeIgniter->handleRequest(NULL, Object(Config\Cache), false)
#10 /Users/constantinhoeft/Sites/localhost/voice-for-ukraine/public/index.php(37): CodeIgniter\CodeIgniter->run()
#11 {main}
CRITICAL - 2022-03-06 05:25:57 --> Invalid file: text.php
#0 /Users/constantinhoeft/Sites/localhost/voice-for-ukraine/system/View/View.php(198): CodeIgniter\Exceptions\FrameworkException::forInvalidFile('text.php')
#1 /Users/constantinhoeft/Sites/localhost/voice-for-ukraine/system/View/View.php(424): CodeIgniter\View\View->render('text', NULL, true)
#2 /Users/constantinhoeft/Sites/localhost/voice-for-ukraine/app/Views/home/index.php(11): CodeIgniter\View\View->include('text')
#3 /Users/constantinhoeft/Sites/localhost/voice-for-ukraine/system/View/View.php(210): include('/Users/constant...')
#4 /Users/constantinhoeft/Sites/localhost/voice-for-ukraine/system/View/View.php(213): CodeIgniter\View\View->CodeIgniter\View\{closure}()
#5 /Users/constantinhoeft/Sites/localhost/voice-for-ukraine/system/Common.php(1089): CodeIgniter\View\View->render('home/index', Array, true)
#6 /Users/constantinhoeft/Sites/localhost/voice-for-ukraine/app/Controllers/Home.php(9): view('home/index')
#7 /Users/constantinhoeft/Sites/localhost/voice-for-ukraine/system/CodeIgniter.php(832): App\Controllers\Home->index()
#8 /Users/constantinhoeft/Sites/localhost/voice-for-ukraine/system/CodeIgniter.php(419): CodeIgniter\CodeIgniter->runController(Object(App\Controllers\Home))
#9 /Users/constantinhoeft/Sites/localhost/voice-for-ukraine/system/CodeIgniter.php(326): CodeIgniter\CodeIgniter->handleRequest(NULL, Object(Config\Cache), false)
#10 /Users/constantinhoeft/Sites/localhost/voice-for-ukraine/public/index.php(37): CodeIgniter\CodeIgniter->run()
#11 {main}
CRITICAL - 2022-03-06 05:26:40 --> Invalid file: text.php
#0 /Users/constantinhoeft/Sites/localhost/voice-for-ukraine/system/View/View.php(198): CodeIgniter\Exceptions\FrameworkException::forInvalidFile('text.php')
#1 /Users/constantinhoeft/Sites/localhost/voice-for-ukraine/system/View/View.php(424): CodeIgniter\View\View->render('text', NULL, true)
#2 /Users/constantinhoeft/Sites/localhost/voice-for-ukraine/app/Views/home/index.php(11): CodeIgniter\View\View->include('text')
#3 /Users/constantinhoeft/Sites/localhost/voice-for-ukraine/system/View/View.php(210): include('/Users/constant...')
#4 /Users/constantinhoeft/Sites/localhost/voice-for-ukraine/system/View/View.php(213): CodeIgniter\View\View->CodeIgniter\View\{closure}()
#5 /Users/constantinhoeft/Sites/localhost/voice-for-ukraine/system/Common.php(1089): CodeIgniter\View\View->render('home/index', Array, true)
#6 /Users/constantinhoeft/Sites/localhost/voice-for-ukraine/app/Controllers/Home.php(9): view('home/index')
#7 /Users/constantinhoeft/Sites/localhost/voice-for-ukraine/system/CodeIgniter.php(832): App\Controllers\Home->index()
#8 /Users/constantinhoeft/Sites/localhost/voice-for-ukraine/system/CodeIgniter.php(419): CodeIgniter\CodeIgniter->runController(Object(App\Controllers\Home))
#9 /Users/constantinhoeft/Sites/localhost/voice-for-ukraine/system/CodeIgniter.php(326): CodeIgniter\CodeIgniter->handleRequest(NULL, Object(Config\Cache), false)
#10 /Users/constantinhoeft/Sites/localhost/voice-for-ukraine/public/index.php(37): CodeIgniter\CodeIgniter->run()
#11 {main}
CRITICAL - 2022-03-06 05:26:40 --> Invalid file: text.php
#0 /Users/constantinhoeft/Sites/localhost/voice-for-ukraine/system/View/View.php(198): CodeIgniter\Exceptions\FrameworkException::forInvalidFile('text.php')
#1 /Users/constantinhoeft/Sites/localhost/voice-for-ukraine/system/View/View.php(424): CodeIgniter\View\View->render('text', NULL, true)
#2 /Users/constantinhoeft/Sites/localhost/voice-for-ukraine/app/Views/home/index.php(11): CodeIgniter\View\View->include('text')
#3 /Users/constantinhoeft/Sites/localhost/voice-for-ukraine/system/View/View.php(210): include('/Users/constant...')
#4 /Users/constantinhoeft/Sites/localhost/voice-for-ukraine/system/View/View.php(213): CodeIgniter\View\View->CodeIgniter\View\{closure}()
#5 /Users/constantinhoeft/Sites/localhost/voice-for-ukraine/system/Common.php(1089): CodeIgniter\View\View->render('home/index', Array, true)
#6 /Users/constantinhoeft/Sites/localhost/voice-for-ukraine/app/Controllers/Home.php(9): view('home/index')
#7 /Users/constantinhoeft/Sites/localhost/voice-for-ukraine/system/CodeIgniter.php(832): App\Controllers\Home->index()
#8 /Users/constantinhoeft/Sites/localhost/voice-for-ukraine/system/CodeIgniter.php(419): CodeIgniter\CodeIgniter->runController(Object(App\Controllers\Home))
#9 /Users/constantinhoeft/Sites/localhost/voice-for-ukraine/system/CodeIgniter.php(326): CodeIgniter\CodeIgniter->handleRequest(NULL, Object(Config\Cache), false)
#10 /Users/constantinhoeft/Sites/localhost/voice-for-ukraine/public/index.php(37): CodeIgniter\CodeIgniter->run()
#11 {main}
CRITICAL - 2022-03-06 05:28:22 --> Call to undefined method CodeIgniter\View\View::load()
#0 /Users/constantinhoeft/Sites/localhost/voice-for-ukraine/system/View/View.php(210): include()
#1 /Users/constantinhoeft/Sites/localhost/voice-for-ukraine/system/View/View.php(213): CodeIgniter\View\View->CodeIgniter\View\{closure}()
#2 /Users/constantinhoeft/Sites/localhost/voice-for-ukraine/system/Common.php(1089): CodeIgniter\View\View->render('home/index', Array, true)
#3 /Users/constantinhoeft/Sites/localhost/voice-for-ukraine/app/Controllers/Home.php(9): view('home/index')
#4 /Users/constantinhoeft/Sites/localhost/voice-for-ukraine/system/CodeIgniter.php(832): App\Controllers\Home->index()
#5 /Users/constantinhoeft/Sites/localhost/voice-for-ukraine/system/CodeIgniter.php(419): CodeIgniter\CodeIgniter->runController(Object(App\Controllers\Home))
#6 /Users/constantinhoeft/Sites/localhost/voice-for-ukraine/system/CodeIgniter.php(326): CodeIgniter\CodeIgniter->handleRequest(NULL, Object(Config\Cache), false)
#7 /Users/constantinhoeft/Sites/localhost/voice-for-ukraine/public/index.php(37): CodeIgniter\CodeIgniter->run()
#8 {main}
CRITICAL - 2022-03-06 05:28:23 --> Call to undefined method CodeIgniter\View\View::load()
#0 /Users/constantinhoeft/Sites/localhost/voice-for-ukraine/system/View/View.php(210): include()
#1 /Users/constantinhoeft/Sites/localhost/voice-for-ukraine/system/View/View.php(213): CodeIgniter\View\View->CodeIgniter\View\{closure}()
#2 /Users/constantinhoeft/Sites/localhost/voice-for-ukraine/system/Common.php(1089): CodeIgniter\View\View->render('home/index', Array, true)
#3 /Users/constantinhoeft/Sites/localhost/voice-for-ukraine/app/Controllers/Home.php(9): view('home/index')
#4 /Users/constantinhoeft/Sites/localhost/voice-for-ukraine/system/CodeIgniter.php(832): App\Controllers\Home->index()
#5 /Users/constantinhoeft/Sites/localhost/voice-for-ukraine/system/CodeIgniter.php(419): CodeIgniter\CodeIgniter->runController(Object(App\Controllers\Home))
#6 /Users/constantinhoeft/Sites/localhost/voice-for-ukraine/system/CodeIgniter.php(326): CodeIgniter\CodeIgniter->handleRequest(NULL, Object(Config\Cache), false)
#7 /Users/constantinhoeft/Sites/localhost/voice-for-ukraine/public/index.php(37): CodeIgniter\CodeIgniter->run()
#8 {main}
CRITICAL - 2022-03-06 05:28:23 --> Call to undefined method CodeIgniter\View\View::load()
#0 /Users/constantinhoeft/Sites/localhost/voice-for-ukraine/system/View/View.php(210): include()
#1 /Users/constantinhoeft/Sites/localhost/voice-for-ukraine/system/View/View.php(213): CodeIgniter\View\View->CodeIgniter\View\{closure}()
#2 /Users/constantinhoeft/Sites/localhost/voice-for-ukraine/system/Common.php(1089): CodeIgniter\View\View->render('home/index', Array, true)
#3 /Users/constantinhoeft/Sites/localhost/voice-for-ukraine/app/Controllers/Home.php(9): view('home/index')
#4 /Users/constantinhoeft/Sites/localhost/voice-for-ukraine/system/CodeIgniter.php(832): App\Controllers\Home->index()
#5 /Users/constantinhoeft/Sites/localhost/voice-for-ukraine/system/CodeIgniter.php(419): CodeIgniter\CodeIgniter->runController(Object(App\Controllers\Home))
#6 /Users/constantinhoeft/Sites/localhost/voice-for-ukraine/system/CodeIgniter.php(326): CodeIgniter\CodeIgniter->handleRequest(NULL, Object(Config\Cache), false)
#7 /Users/constantinhoeft/Sites/localhost/voice-for-ukraine/public/index.php(37): CodeIgniter\CodeIgniter->run()
#8 {main}
CRITICAL - 2022-03-06 05:28:23 --> Call to undefined method CodeIgniter\View\View::load()
#0 /Users/constantinhoeft/Sites/localhost/voice-for-ukraine/system/View/View.php(210): include()
#1 /Users/constantinhoeft/Sites/localhost/voice-for-ukraine/system/View/View.php(213): CodeIgniter\View\View->CodeIgniter\View\{closure}()
#2 /Users/constantinhoeft/Sites/localhost/voice-for-ukraine/system/Common.php(1089): CodeIgniter\View\View->render('home/index', Array, true)
#3 /Users/constantinhoeft/Sites/localhost/voice-for-ukraine/app/Controllers/Home.php(9): view('home/index')
#4 /Users/constantinhoeft/Sites/localhost/voice-for-ukraine/system/CodeIgniter.php(832): App\Controllers\Home->index()
#5 /Users/constantinhoeft/Sites/localhost/voice-for-ukraine/system/CodeIgniter.php(419): CodeIgniter\CodeIgniter->runController(Object(App\Controllers\Home))
#6 /Users/constantinhoeft/Sites/localhost/voice-for-ukraine/system/CodeIgniter.php(326): CodeIgniter\CodeIgniter->handleRequest(NULL, Object(Config\Cache), false)
#7 /Users/constantinhoeft/Sites/localhost/voice-for-ukraine/public/index.php(37): CodeIgniter\CodeIgniter->run()
#8 {main}
CRITICAL - 2022-03-06 05:28:23 --> Call to undefined method CodeIgniter\View\View::load()
#0 /Users/constantinhoeft/Sites/localhost/voice-for-ukraine/system/View/View.php(210): include()
#1 /Users/constantinhoeft/Sites/localhost/voice-for-ukraine/system/View/View.php(213): CodeIgniter\View\View->CodeIgniter\View\{closure}()
#2 /Users/constantinhoeft/Sites/localhost/voice-for-ukraine/system/Common.php(1089): CodeIgniter\View\View->render('home/index', Array, true)
#3 /Users/constantinhoeft/Sites/localhost/voice-for-ukraine/app/Controllers/Home.php(9): view('home/index')
#4 /Users/constantinhoeft/Sites/localhost/voice-for-ukraine/system/CodeIgniter.php(832): App\Controllers\Home->index()
#5 /Users/constantinhoeft/Sites/localhost/voice-for-ukraine/system/CodeIgniter.php(419): CodeIgniter\CodeIgniter->runController(Object(App\Controllers\Home))
#6 /Users/constantinhoeft/Sites/localhost/voice-for-ukraine/system/CodeIgniter.php(326): CodeIgniter\CodeIgniter->handleRequest(NULL, Object(Config\Cache), false)
#7 /Users/constantinhoeft/Sites/localhost/voice-for-ukraine/public/index.php(37): CodeIgniter\CodeIgniter->run()
#8 {main}
CRITICAL - 2022-03-06 05:28:43 --> Call to undefined method CodeIgniter\View\View::load()
#0 /Users/constantinhoeft/Sites/localhost/voice-for-ukraine/system/View/View.php(210): include()
#1 /Users/constantinhoeft/Sites/localhost/voice-for-ukraine/system/View/View.php(213): CodeIgniter\View\View->CodeIgniter\View\{closure}()
#2 /Users/constantinhoeft/Sites/localhost/voice-for-ukraine/system/Common.php(1089): CodeIgniter\View\View->render('home/index', Array, true)
#3 /Users/constantinhoeft/Sites/localhost/voice-for-ukraine/app/Controllers/Home.php(9): view('home/index')
#4 /Users/constantinhoeft/Sites/localhost/voice-for-ukraine/system/CodeIgniter.php(832): App\Controllers\Home->index()
#5 /Users/constantinhoeft/Sites/localhost/voice-for-ukraine/system/CodeIgniter.php(419): CodeIgniter\CodeIgniter->runController(Object(App\Controllers\Home))
#6 /Users/constantinhoeft/Sites/localhost/voice-for-ukraine/system/CodeIgniter.php(326): CodeIgniter\CodeIgniter->handleRequest(NULL, Object(Config\Cache), false)
#7 /Users/constantinhoeft/Sites/localhost/voice-for-ukraine/public/index.php(37): CodeIgniter\CodeIgniter->run()
#8 {main}
CRITICAL - 2022-03-06 05:29:44 --> Call to undefined method CodeIgniter\View\View::view()
#0 /Users/constantinhoeft/Sites/localhost/voice-for-ukraine/system/View/View.php(210): include()
#1 /Users/constantinhoeft/Sites/localhost/voice-for-ukraine/system/View/View.php(213): CodeIgniter\View\View->CodeIgniter\View\{closure}()
#2 /Users/constantinhoeft/Sites/localhost/voice-for-ukraine/system/Common.php(1089): CodeIgniter\View\View->render('home/index', Array, true)
#3 /Users/constantinhoeft/Sites/localhost/voice-for-ukraine/app/Controllers/Home.php(9): view('home/index')
#4 /Users/constantinhoeft/Sites/localhost/voice-for-ukraine/system/CodeIgniter.php(832): App\Controllers\Home->index()
#5 /Users/constantinhoeft/Sites/localhost/voice-for-ukraine/system/CodeIgniter.php(419): CodeIgniter\CodeIgniter->runController(Object(App\Controllers\Home))
#6 /Users/constantinhoeft/Sites/localhost/voice-for-ukraine/system/CodeIgniter.php(326): CodeIgniter\CodeIgniter->handleRequest(NULL, Object(Config\Cache), false)
#7 /Users/constantinhoeft/Sites/localhost/voice-for-ukraine/public/index.php(37): CodeIgniter\CodeIgniter->run()
#8 {main}
CRITICAL - 2022-03-06 05:29:45 --> Call to undefined method CodeIgniter\View\View::view()
#0 /Users/constantinhoeft/Sites/localhost/voice-for-ukraine/system/View/View.php(210): include()
#1 /Users/constantinhoeft/Sites/localhost/voice-for-ukraine/system/View/View.php(213): CodeIgniter\View\View->CodeIgniter\View\{closure}()
#2 /Users/constantinhoeft/Sites/localhost/voice-for-ukraine/system/Common.php(1089): CodeIgniter\View\View->render('home/index', Array, true)
#3 /Users/constantinhoeft/Sites/localhost/voice-for-ukraine/app/Controllers/Home.php(9): view('home/index')
#4 /Users/constantinhoeft/Sites/localhost/voice-for-ukraine/system/CodeIgniter.php(832): App\Controllers\Home->index()
#5 /Users/constantinhoeft/Sites/localhost/voice-for-ukraine/system/CodeIgniter.php(419): CodeIgniter\CodeIgniter->runController(Object(App\Controllers\Home))
#6 /Users/constantinhoeft/Sites/localhost/voice-for-ukraine/system/CodeIgniter.php(326): CodeIgniter\CodeIgniter->handleRequest(NULL, Object(Config\Cache), false)
#7 /Users/constantinhoeft/Sites/localhost/voice-for-ukraine/public/index.php(37): CodeIgniter\CodeIgniter->run()
#8 {main}
CRITICAL - 2022-03-06 05:30:12 --> Call to undefined method CodeIgniter\View\View::view()
#0 /Users/constantinhoeft/Sites/localhost/voice-for-ukraine/system/View/View.php(210): include()
#1 /Users/constantinhoeft/Sites/localhost/voice-for-ukraine/system/View/View.php(213): CodeIgniter\View\View->CodeIgniter\View\{closure}()
#2 /Users/constantinhoeft/Sites/localhost/voice-for-ukraine/system/Common.php(1089): CodeIgniter\View\View->render('home/index', Array, true)
#3 /Users/constantinhoeft/Sites/localhost/voice-for-ukraine/app/Controllers/Home.php(9): view('home/index')
#4 /Users/constantinhoeft/Sites/localhost/voice-for-ukraine/system/CodeIgniter.php(832): App\Controllers\Home->index()
#5 /Users/constantinhoeft/Sites/localhost/voice-for-ukraine/system/CodeIgniter.php(419): CodeIgniter\CodeIgniter->runController(Object(App\Controllers\Home))
#6 /Users/constantinhoeft/Sites/localhost/voice-for-ukraine/system/CodeIgniter.php(326): CodeIgniter\CodeIgniter->handleRequest(NULL, Object(Config\Cache), false)
#7 /Users/constantinhoeft/Sites/localhost/voice-for-ukraine/public/index.php(37): CodeIgniter\CodeIgniter->run()
#8 {main}
CRITICAL - 2022-03-06 05:30:14 --> Call to undefined method CodeIgniter\View\View::view()
#0 /Users/constantinhoeft/Sites/localhost/voice-for-ukraine/system/View/View.php(210): include()
#1 /Users/constantinhoeft/Sites/localhost/voice-for-ukraine/system/View/View.php(213): CodeIgniter\View\View->CodeIgniter\View\{closure}()
#2 /Users/constantinhoeft/Sites/localhost/voice-for-ukraine/system/Common.php(1089): CodeIgniter\View\View->render('home/index', Array, true)
#3 /Users/constantinhoeft/Sites/localhost/voice-for-ukraine/app/Controllers/Home.php(9): view('home/index')
#4 /Users/constantinhoeft/Sites/localhost/voice-for-ukraine/system/CodeIgniter.php(832): App\Controllers\Home->index()
#5 /Users/constantinhoeft/Sites/localhost/voice-for-ukraine/system/CodeIgniter.php(419): CodeIgniter\CodeIgniter->runController(Object(App\Controllers\Home))
#6 /Users/constantinhoeft/Sites/localhost/voice-for-ukraine/system/CodeIgniter.php(326): CodeIgniter\CodeIgniter->handleRequest(NULL, Object(Config\Cache), false)
#7 /Users/constantinhoeft/Sites/localhost/voice-for-ukraine/public/index.php(37): CodeIgniter\CodeIgniter->run()
#8 {main}
CRITICAL - 2022-03-06 05:31:11 --> Call to undefined method CodeIgniter\View\View::includerrr()
#0 /Users/constantinhoeft/Sites/localhost/voice-for-ukraine/system/View/View.php(210): include()
#1 /Users/constantinhoeft/Sites/localhost/voice-for-ukraine/system/View/View.php(213): CodeIgniter\View\View->CodeIgniter\View\{closure}()
#2 /Users/constantinhoeft/Sites/localhost/voice-for-ukraine/system/Common.php(1089): CodeIgniter\View\View->render('home/index', Array, true)
#3 /Users/constantinhoeft/Sites/localhost/voice-for-ukraine/app/Controllers/Home.php(9): view('home/index')
#4 /Users/constantinhoeft/Sites/localhost/voice-for-ukraine/system/CodeIgniter.php(832): App\Controllers\Home->index()
#5 /Users/constantinhoeft/Sites/localhost/voice-for-ukraine/system/CodeIgniter.php(419): CodeIgniter\CodeIgniter->runController(Object(App\Controllers\Home))
#6 /Users/constantinhoeft/Sites/localhost/voice-for-ukraine/system/CodeIgniter.php(326): CodeIgniter\CodeIgniter->handleRequest(NULL, Object(Config\Cache), false)
#7 /Users/constantinhoeft/Sites/localhost/voice-for-ukraine/public/index.php(37): CodeIgniter\CodeIgniter->run()
#8 {main}
CRITICAL - 2022-03-06 05:31:12 --> Call to undefined method CodeIgniter\View\View::includerrr()
#0 /Users/constantinhoeft/Sites/localhost/voice-for-ukraine/system/View/View.php(210): include()
#1 /Users/constantinhoeft/Sites/localhost/voice-for-ukraine/system/View/View.php(213): CodeIgniter\View\View->CodeIgniter\View\{closure}()
#2 /Users/constantinhoeft/Sites/localhost/voice-for-ukraine/system/Common.php(1089): CodeIgniter\View\View->render('home/index', Array, true)
#3 /Users/constantinhoeft/Sites/localhost/voice-for-ukraine/app/Controllers/Home.php(9): view('home/index')
#4 /Users/constantinhoeft/Sites/localhost/voice-for-ukraine/system/CodeIgniter.php(832): App\Controllers\Home->index()
#5 /Users/constantinhoeft/Sites/localhost/voice-for-ukraine/system/CodeIgniter.php(419): CodeIgniter\CodeIgniter->runController(Object(App\Controllers\Home))
#6 /Users/constantinhoeft/Sites/localhost/voice-for-ukraine/system/CodeIgniter.php(326): CodeIgniter\CodeIgniter->handleRequest(NULL, Object(Config\Cache), false)
#7 /Users/constantinhoeft/Sites/localhost/voice-for-ukraine/public/index.php(37): CodeIgniter\CodeIgniter->run()
#8 {main}
CRITICAL - 2022-03-06 05:31:12 --> Call to undefined method CodeIgniter\View\View::includerrr()
#0 /Users/constantinhoeft/Sites/localhost/voice-for-ukraine/system/View/View.php(210): include()
#1 /Users/constantinhoeft/Sites/localhost/voice-for-ukraine/system/View/View.php(213): CodeIgniter\View\View->CodeIgniter\View\{closure}()
#2 /Users/constantinhoeft/Sites/localhost/voice-for-ukraine/system/Common.php(1089): CodeIgniter\View\View->render('home/index', Array, true)
#3 /Users/constantinhoeft/Sites/localhost/voice-for-ukraine/app/Controllers/Home.php(9): view('home/index')
#4 /Users/constantinhoeft/Sites/localhost/voice-for-ukraine/system/CodeIgniter.php(832): App\Controllers\Home->index()
#5 /Users/constantinhoeft/Sites/localhost/voice-for-ukraine/system/CodeIgniter.php(419): CodeIgniter\CodeIgniter->runController(Object(App\Controllers\Home))
#6 /Users/constantinhoeft/Sites/localhost/voice-for-ukraine/system/CodeIgniter.php(326): CodeIgniter\CodeIgniter->handleRequest(NULL, Object(Config\Cache), false)
#7 /Users/constantinhoeft/Sites/localhost/voice-for-ukraine/public/index.php(37): CodeIgniter\CodeIgniter->run()
#8 {main}
CRITICAL - 2022-03-06 05:31:12 --> Call to undefined method CodeIgniter\View\View::includerrr()
#0 /Users/constantinhoeft/Sites/localhost/voice-for-ukraine/system/View/View.php(210): include()
#1 /Users/constantinhoeft/Sites/localhost/voice-for-ukraine/system/View/View.php(213): CodeIgniter\View\View->CodeIgniter\View\{closure}()
#2 /Users/constantinhoeft/Sites/localhost/voice-for-ukraine/system/Common.php(1089): CodeIgniter\View\View->render('home/index', Array, true)
#3 /Users/constantinhoeft/Sites/localhost/voice-for-ukraine/app/Controllers/Home.php(9): view('home/index')
#4 /Users/constantinhoeft/Sites/localhost/voice-for-ukraine/system/CodeIgniter.php(832): App\Controllers\Home->index()
#5 /Users/constantinhoeft/Sites/localhost/voice-for-ukraine/system/CodeIgniter.php(419): CodeIgniter\CodeIgniter->runController(Object(App\Controllers\Home))
#6 /Users/constantinhoeft/Sites/localhost/voice-for-ukraine/system/CodeIgniter.php(326): CodeIgniter\CodeIgniter->handleRequest(NULL, Object(Config\Cache), false)
#7 /Users/constantinhoeft/Sites/localhost/voice-for-ukraine/public/index.php(37): CodeIgniter\CodeIgniter->run()
#8 {main}
CRITICAL - 2022-03-06 05:31:13 --> Call to undefined method CodeIgniter\View\View::includerrr()
#0 /Users/constantinhoeft/Sites/localhost/voice-for-ukraine/system/View/View.php(210): include()
#1 /Users/constantinhoeft/Sites/localhost/voice-for-ukraine/system/View/View.php(213): CodeIgniter\View\View->CodeIgniter\View\{closure}()
#2 /Users/constantinhoeft/Sites/localhost/voice-for-ukraine/system/Common.php(1089): CodeIgniter\View\View->render('home/index', Array, true)
#3 /Users/constantinhoeft/Sites/localhost/voice-for-ukraine/app/Controllers/Home.php(9): view('home/index')
#4 /Users/constantinhoeft/Sites/localhost/voice-for-ukraine/system/CodeIgniter.php(832): App\Controllers\Home->index()
#5 /Users/constantinhoeft/Sites/localhost/voice-for-ukraine/system/CodeIgniter.php(419): CodeIgniter\CodeIgniter->runController(Object(App\Controllers\Home))
#6 /Users/constantinhoeft/Sites/localhost/voice-for-ukraine/system/CodeIgniter.php(326): CodeIgniter\CodeIgniter->handleRequest(NULL, Object(Config\Cache), false)
#7 /Users/constantinhoeft/Sites/localhost/voice-for-ukraine/public/index.php(37): CodeIgniter\CodeIgniter->run()
#8 {main}
CRITICAL - 2022-03-06 05:31:13 --> Call to undefined method CodeIgniter\View\View::includerrr()
#0 /Users/constantinhoeft/Sites/localhost/voice-for-ukraine/system/View/View.php(210): include()
#1 /Users/constantinhoeft/Sites/localhost/voice-for-ukraine/system/View/View.php(213): CodeIgniter\View\View->CodeIgniter\View\{closure}()
#2 /Users/constantinhoeft/Sites/localhost/voice-for-ukraine/system/Common.php(1089): CodeIgniter\View\View->render('home/index', Array, true)
#3 /Users/constantinhoeft/Sites/localhost/voice-for-ukraine/app/Controllers/Home.php(9): view('home/index')
#4 /Users/constantinhoeft/Sites/localhost/voice-for-ukraine/system/CodeIgniter.php(832): App\Controllers\Home->index()
#5 /Users/constantinhoeft/Sites/localhost/voice-for-ukraine/system/CodeIgniter.php(419): CodeIgniter\CodeIgniter->runController(Object(App\Controllers\Home))
#6 /Users/constantinhoeft/Sites/localhost/voice-for-ukraine/system/CodeIgniter.php(326): CodeIgniter\CodeIgniter->handleRequest(NULL, Object(Config\Cache), false)
#7 /Users/constantinhoeft/Sites/localhost/voice-for-ukraine/public/index.php(37): CodeIgniter\CodeIgniter->run()
#8 {main}
CRITICAL - 2022-03-06 05:31:13 --> Call to undefined method CodeIgniter\View\View::includerrr()
#0 /Users/constantinhoeft/Sites/localhost/voice-for-ukraine/system/View/View.php(210): include()
#1 /Users/constantinhoeft/Sites/localhost/voice-for-ukraine/system/View/View.php(213): CodeIgniter\View\View->CodeIgniter\View\{closure}()
#2 /Users/constantinhoeft/Sites/localhost/voice-for-ukraine/system/Common.php(1089): CodeIgniter\View\View->render('home/index', Array, true)
#3 /Users/constantinhoeft/Sites/localhost/voice-for-ukraine/app/Controllers/Home.php(9): view('home/index')
#4 /Users/constantinhoeft/Sites/localhost/voice-for-ukraine/system/CodeIgniter.php(832): App\Controllers\Home->index()
#5 /Users/constantinhoeft/Sites/localhost/voice-for-ukraine/system/CodeIgniter.php(419): CodeIgniter\CodeIgniter->runController(Object(App\Controllers\Home))
#6 /Users/constantinhoeft/Sites/localhost/voice-for-ukraine/system/CodeIgniter.php(326): CodeIgniter\CodeIgniter->handleRequest(NULL, Object(Config\Cache), false)
#7 /Users/constantinhoeft/Sites/localhost/voice-for-ukraine/public/index.php(37): CodeIgniter\CodeIgniter->run()
#8 {main}
CRITICAL - 2022-03-06 05:31:13 --> Call to undefined method CodeIgniter\View\View::includerrr()
#0 /Users/constantinhoeft/Sites/localhost/voice-for-ukraine/system/View/View.php(210): include()
#1 /Users/constantinhoeft/Sites/localhost/voice-for-ukraine/system/View/View.php(213): CodeIgniter\View\View->CodeIgniter\View\{closure}()
#2 /Users/constantinhoeft/Sites/localhost/voice-for-ukraine/system/Common.php(1089): CodeIgniter\View\View->render('home/index', Array, true)
#3 /Users/constantinhoeft/Sites/localhost/voice-for-ukraine/app/Controllers/Home.php(9): view('home/index')
#4 /Users/constantinhoeft/Sites/localhost/voice-for-ukraine/system/CodeIgniter.php(832): App\Controllers\Home->index()
#5 /Users/constantinhoeft/Sites/localhost/voice-for-ukraine/system/CodeIgniter.php(419): CodeIgniter\CodeIgniter->runController(Object(App\Controllers\Home))
#6 /Users/constantinhoeft/Sites/localhost/voice-for-ukraine/system/CodeIgniter.php(326): CodeIgniter\CodeIgniter->handleRequest(NULL, Object(Config\Cache), false)
#7 /Users/constantinhoeft/Sites/localhost/voice-for-ukraine/public/index.php(37): CodeIgniter\CodeIgniter->run()
#8 {main}
CRITICAL - 2022-03-06 05:31:13 --> Call to undefined method CodeIgniter\View\View::includerrr()
#0 /Users/constantinhoeft/Sites/localhost/voice-for-ukraine/system/View/View.php(210): include()
#1 /Users/constantinhoeft/Sites/localhost/voice-for-ukraine/system/View/View.php(213): CodeIgniter\View\View->CodeIgniter\View\{closure}()
#2 /Users/constantinhoeft/Sites/localhost/voice-for-ukraine/system/Common.php(1089): CodeIgniter\View\View->render('home/index', Array, true)
#3 /Users/constantinhoeft/Sites/localhost/voice-for-ukraine/app/Controllers/Home.php(9): view('home/index')
#4 /Users/constantinhoeft/Sites/localhost/voice-for-ukraine/system/CodeIgniter.php(832): App\Controllers\Home->index()
#5 /Users/constantinhoeft/Sites/localhost/voice-for-ukraine/system/CodeIgniter.php(419): CodeIgniter\CodeIgniter->runController(Object(App\Controllers\Home))
#6 /Users/constantinhoeft/Sites/localhost/voice-for-ukraine/system/CodeIgniter.php(326): CodeIgniter\CodeIgniter->handleRequest(NULL, Object(Config\Cache), false)
#7 /Users/constantinhoeft/Sites/localhost/voice-for-ukraine/public/index.php(37): CodeIgniter\CodeIgniter->run()
#8 {main}
CRITICAL - 2022-03-06 05:31:13 --> Call to undefined method CodeIgniter\View\View::includerrr()
#0 /Users/constantinhoeft/Sites/localhost/voice-for-ukraine/system/View/View.php(210): include()
#1 /Users/constantinhoeft/Sites/localhost/voice-for-ukraine/system/View/View.php(213): CodeIgniter\View\View->CodeIgniter\View\{closure}()
#2 /Users/constantinhoeft/Sites/localhost/voice-for-ukraine/system/Common.php(1089): CodeIgniter\View\View->render('home/index', Array, true)
#3 /Users/constantinhoeft/Sites/localhost/voice-for-ukraine/app/Controllers/Home.php(9): view('home/index')
#4 /Users/constantinhoeft/Sites/localhost/voice-for-ukraine/system/CodeIgniter.php(832): App\Controllers\Home->index()
#5 /Users/constantinhoeft/Sites/localhost/voice-for-ukraine/system/CodeIgniter.php(419): CodeIgniter\CodeIgniter->runController(Object(App\Controllers\Home))
#6 /Users/constantinhoeft/Sites/localhost/voice-for-ukraine/system/CodeIgniter.php(326): CodeIgniter\CodeIgniter->handleRequest(NULL, Object(Config\Cache), false)
#7 /Users/constantinhoeft/Sites/localhost/voice-for-ukraine/public/index.php(37): CodeIgniter\CodeIgniter->run()
#8 {main}
CRITICAL - 2022-03-06 05:32:51 --> Call to undefined method CodeIgniter\View\View::includerrr()
#0 /Users/constantinhoeft/Sites/localhost/voice-for-ukraine/system/View/View.php(210): include()
#1 /Users/constantinhoeft/Sites/localhost/voice-for-ukraine/system/View/View.php(213): CodeIgniter\View\View->CodeIgniter\View\{closure}()
#2 /Users/constantinhoeft/Sites/localhost/voice-for-ukraine/system/Common.php(1089): CodeIgniter\View\View->render('home/index', Array, true)
#3 /Users/constantinhoeft/Sites/localhost/voice-for-ukraine/app/Controllers/Home.php(9): view('home/index')
#4 /Users/constantinhoeft/Sites/localhost/voice-for-ukraine/system/CodeIgniter.php(832): App\Controllers\Home->index()
#5 /Users/constantinhoeft/Sites/localhost/voice-for-ukraine/system/CodeIgniter.php(419): CodeIgniter\CodeIgniter->runController(Object(App\Controllers\Home))
#6 /Users/constantinhoeft/Sites/localhost/voice-for-ukraine/system/CodeIgniter.php(326): CodeIgniter\CodeIgniter->handleRequest(NULL, Object(Config\Cache), false)
#7 /Users/constantinhoeft/Sites/localhost/voice-for-ukraine/public/index.php(38): CodeIgniter\CodeIgniter->run()
#8 {main}
CRITICAL - 2022-03-06 05:33:04 --> Call to undefined method CodeIgniter\View\View::includerrr()
#0 /Users/constantinhoeft/Sites/localhost/voice-for-ukraine/system/View/View.php(210): include()
#1 /Users/constantinhoeft/Sites/localhost/voice-for-ukraine/system/View/View.php(213): CodeIgniter\View\View->CodeIgniter\View\{closure}()
#2 /Users/constantinhoeft/Sites/localhost/voice-for-ukraine/system/Common.php(1089): CodeIgniter\View\View->render('home/index', Array, true)
#3 /Users/constantinhoeft/Sites/localhost/voice-for-ukraine/app/Controllers/Home.php(9): view('home/index')
#4 /Users/constantinhoeft/Sites/localhost/voice-for-ukraine/system/CodeIgniter.php(832): App\Controllers\Home->index()
#5 /Users/constantinhoeft/Sites/localhost/voice-for-ukraine/system/CodeIgniter.php(419): CodeIgniter\CodeIgniter->runController(Object(App\Controllers\Home))
#6 /Users/constantinhoeft/Sites/localhost/voice-for-ukraine/system/CodeIgniter.php(326): CodeIgniter\CodeIgniter->handleRequest(NULL, Object(Config\Cache), false)
#7 /Users/constantinhoeft/Sites/localhost/voice-for-ukraine/public/index.php(38): CodeIgniter\CodeIgniter->run()
#8 {main}
CRITICAL - 2022-03-06 05:33:08 --> Call to undefined method CodeIgniter\View\View::includerrr()
#0 /Users/constantinhoeft/Sites/localhost/voice-for-ukraine/system/View/View.php(210): include()
#1 /Users/constantinhoeft/Sites/localhost/voice-for-ukraine/system/View/View.php(213): CodeIgniter\View\View->CodeIgniter\View\{closure}()
#2 /Users/constantinhoeft/Sites/localhost/voice-for-ukraine/system/Common.php(1089): CodeIgniter\View\View->render('home/index', Array, true)
#3 /Users/constantinhoeft/Sites/localhost/voice-for-ukraine/app/Controllers/Home.php(9): view('home/index')
#4 /Users/constantinhoeft/Sites/localhost/voice-for-ukraine/system/CodeIgniter.php(832): App\Controllers\Home->index()
#5 /Users/constantinhoeft/Sites/localhost/voice-for-ukraine/system/CodeIgniter.php(419): CodeIgniter\CodeIgniter->runController(Object(App\Controllers\Home))
#6 /Users/constantinhoeft/Sites/localhost/voice-for-ukraine/system/CodeIgniter.php(326): CodeIgniter\CodeIgniter->handleRequest(NULL, Object(Config\Cache), false)
#7 /Users/constantinhoeft/Sites/localhost/voice-for-ukraine/public/index.php(38): CodeIgniter\CodeIgniter->run()
#8 {main}
CRITICAL - 2022-03-06 05:33:18 --> Invalid file: text.php
#0 /Users/constantinhoeft/Sites/localhost/voice-for-ukraine/system/View/View.php(198): CodeIgniter\Exceptions\FrameworkException::forInvalidFile('text.php')
#1 /Users/constantinhoeft/Sites/localhost/voice-for-ukraine/system/View/View.php(424): CodeIgniter\View\View->render('text', NULL, true)
#2 /Users/constantinhoeft/Sites/localhost/voice-for-ukraine/app/Views/home/index.php(11): CodeIgniter\View\View->include('text')
#3 /Users/constantinhoeft/Sites/localhost/voice-for-ukraine/system/View/View.php(210): include('/Users/constant...')
#4 /Users/constantinhoeft/Sites/localhost/voice-for-ukraine/system/View/View.php(213): CodeIgniter\View\View->CodeIgniter\View\{closure}()
#5 /Users/constantinhoeft/Sites/localhost/voice-for-ukraine/system/Common.php(1089): CodeIgniter\View\View->render('home/index', Array, true)
#6 /Users/constantinhoeft/Sites/localhost/voice-for-ukraine/app/Controllers/Home.php(9): view('home/index')
#7 /Users/constantinhoeft/Sites/localhost/voice-for-ukraine/system/CodeIgniter.php(832): App\Controllers\Home->index()
#8 /Users/constantinhoeft/Sites/localhost/voice-for-ukraine/system/CodeIgniter.php(419): CodeIgniter\CodeIgniter->runController(Object(App\Controllers\Home))
#9 /Users/constantinhoeft/Sites/localhost/voice-for-ukraine/system/CodeIgniter.php(326): CodeIgniter\CodeIgniter->handleRequest(NULL, Object(Config\Cache), false)
#10 /Users/constantinhoeft/Sites/localhost/voice-for-ukraine/public/index.php(38): CodeIgniter\CodeIgniter->run()
#11 {main}
CRITICAL - 2022-03-06 05:44:03 --> Invalid file: navbar.php
#0 /Users/constantinhoeft/Sites/localhost/voice-for-ukraine/system/View/View.php(198): CodeIgniter\Exceptions\FrameworkException::forInvalidFile('navbar.php')
#1 /Users/constantinhoeft/Sites/localhost/voice-for-ukraine/system/View/View.php(424): CodeIgniter\View\View->render('navbar', NULL, true)
#2 /Users/constantinhoeft/Sites/localhost/voice-for-ukraine/app/Views/default.php(15): CodeIgniter\View\View->include('navbar')
#3 /Users/constantinhoeft/Sites/localhost/voice-for-ukraine/system/View/View.php(210): include('/Users/constant...')
#4 /Users/constantinhoeft/Sites/localhost/voice-for-ukraine/system/View/View.php(213): CodeIgniter\View\View->CodeIgniter\View\{closure}()
#5 /Users/constantinhoeft/Sites/localhost/voice-for-ukraine/system/View/View.php(226): CodeIgniter\View\View->render('default', Array, true)
#6 /Users/constantinhoeft/Sites/localhost/voice-for-ukraine/system/Common.php(1089): CodeIgniter\View\View->render('home/index', Array, true)
#7 /Users/constantinhoeft/Sites/localhost/voice-for-ukraine/app/Controllers/Home.php(9): view('home/index')
#8 /Users/constantinhoeft/Sites/localhost/voice-for-ukraine/system/CodeIgniter.php(832): App\Controllers\Home->index()
#9 /Users/constantinhoeft/Sites/localhost/voice-for-ukraine/system/CodeIgniter.php(419): CodeIgniter\CodeIgniter->runController(Object(App\Controllers\Home))
#10 /Users/constantinhoeft/Sites/localhost/voice-for-ukraine/system/CodeIgniter.php(326): CodeIgniter\CodeIgniter->handleRequest(NULL, Object(Config\Cache), false)
#11 /Users/constantinhoeft/Sites/localhost/voice-for-ukraine/public/index.php(38): CodeIgniter\CodeIgniter->run()
#12 {main}
CRITICAL - 2022-03-06 06:34:56 --> Class "App\Models\TemplateLoaderModel" not found
#0 /Users/constantinhoeft/Sites/localhost/voice-for-ukraine/system/CodeIgniter.php(832): App\Controllers\Render->index()
#1 /Users/constantinhoeft/Sites/localhost/voice-for-ukraine/system/CodeIgniter.php(419): CodeIgniter\CodeIgniter->runController(Object(App\Controllers\Render))
#2 /Users/constantinhoeft/Sites/localhost/voice-for-ukraine/system/CodeIgniter.php(326): CodeIgniter\CodeIgniter->handleRequest(NULL, Object(Config\Cache), false)
#3 /Users/constantinhoeft/Sites/localhost/voice-for-ukraine/public/index.php(38): CodeIgniter\CodeIgniter->run()
#4 {main}
CRITICAL - 2022-03-06 06:35:15 --> You must set the database table to be used with your query.
#0 /Users/constantinhoeft/Sites/localhost/voice-for-ukraine/system/Model.php(545): CodeIgniter\Database\BaseConnection->table(NULL)
#1 /Users/constantinhoeft/Sites/localhost/voice-for-ukraine/system/Model.php(722): CodeIgniter\Model->builder()
#2 /Users/constantinhoeft/Sites/localhost/voice-for-ukraine/app/Controllers/Render.php(19): CodeIgniter\Model->__call('load', Array)
#3 /Users/constantinhoeft/Sites/localhost/voice-for-ukraine/system/CodeIgniter.php(832): App\Controllers\Render->index()
#4 /Users/constantinhoeft/Sites/localhost/voice-for-ukraine/system/CodeIgniter.php(419): CodeIgniter\CodeIgniter->runController(Object(App\Controllers\Render))
#5 /Users/constantinhoeft/Sites/localhost/voice-for-ukraine/system/CodeIgniter.php(326): CodeIgniter\CodeIgniter->handleRequest(NULL, Object(Config\Cache), false)
#6 /Users/constantinhoeft/Sites/localhost/voice-for-ukraine/public/index.php(38): CodeIgniter\CodeIgniter->run()
#7 {main}
CRITICAL - 2022-03-06 06:40:35 --> Call to undefined method App\Models\TemplateLoaderModel::load()
#0 /Users/constantinhoeft/Sites/localhost/voice-for-ukraine/system/CodeIgniter.php(832): App\Controllers\Render->index()
#1 /Users/constantinhoeft/Sites/localhost/voice-for-ukraine/system/CodeIgniter.php(419): CodeIgniter\CodeIgniter->runController(Object(App\Controllers\Render))
#2 /Users/constantinhoeft/Sites/localhost/voice-for-ukraine/system/CodeIgniter.php(326): CodeIgniter\CodeIgniter->handleRequest(NULL, Object(Config\Cache), false)
#3 /Users/constantinhoeft/Sites/localhost/voice-for-ukraine/public/index.php(38): CodeIgniter\CodeIgniter->run()
#4 {main}
CRITICAL - 2022-03-06 06:45:20 --> file_get_contents(templates/letters/_.txt): Failed to open stream: No such file or directory
#0 [internal function]: CodeIgniter\Debug\Exceptions->errorHandler(2, 'file_get_conten...', '/Users/constant...', 12)
#1 /Users/constantinhoeft/Sites/localhost/voice-for-ukraine/app/Models/TemplateLoaderModel.php(12): file_get_contents('templates/lette...')
#2 /Users/constantinhoeft/Sites/localhost/voice-for-ukraine/app/Controllers/Render.php(22): App\Models\TemplateLoaderModel->load(Array)
#3 /Users/constantinhoeft/Sites/localhost/voice-for-ukraine/system/CodeIgniter.php(832): App\Controllers\Render->index()
#4 /Users/constantinhoeft/Sites/localhost/voice-for-ukraine/system/CodeIgniter.php(419): CodeIgniter\CodeIgniter->runController(Object(App\Controllers\Render))
#5 /Users/constantinhoeft/Sites/localhost/voice-for-ukraine/system/CodeIgniter.php(326): CodeIgniter\CodeIgniter->handleRequest(NULL, Object(Config\Cache), false)
#6 /Users/constantinhoeft/Sites/localhost/voice-for-ukraine/public/index.php(38): CodeIgniter\CodeIgniter->run()
#7 {main}
CRITICAL - 2022-03-06 06:45:36 --> file_get_contents(templates/letters/un_.txt): Failed to open stream: No such file or directory
#0 [internal function]: CodeIgniter\Debug\Exceptions->errorHandler(2, 'file_get_conten...', '/Users/constant...', 12)
#1 /Users/constantinhoeft/Sites/localhost/voice-for-ukraine/app/Models/TemplateLoaderModel.php(12): file_get_contents('templates/lette...')
#2 /Users/constantinhoeft/Sites/localhost/voice-for-ukraine/app/Controllers/Render.php(22): App\Models\TemplateLoaderModel->load(Array)
#3 /Users/constantinhoeft/Sites/localhost/voice-for-ukraine/system/CodeIgniter.php(832): App\Controllers\Render->index()
#4 /Users/constantinhoeft/Sites/localhost/voice-for-ukraine/system/CodeIgniter.php(419): CodeIgniter\CodeIgniter->runController(Object(App\Controllers\Render))
#5 /Users/constantinhoeft/Sites/localhost/voice-for-ukraine/system/CodeIgniter.php(326): CodeIgniter\CodeIgniter->handleRequest(NULL, Object(Config\Cache), false)
#6 /Users/constantinhoeft/Sites/localhost/voice-for-ukraine/public/index.php(38): CodeIgniter\CodeIgniter->run()
#7 {main}
CRITICAL - 2022-03-06 06:45:46 --> file_get_contents(templates/letters/un_de.txt): Failed to open stream: No such file or directory
#0 [internal function]: CodeIgniter\Debug\Exceptions->errorHandler(2, 'file_get_conten...', '/Users/constant...', 12)
#1 /Users/constantinhoeft/Sites/localhost/voice-for-ukraine/app/Models/TemplateLoaderModel.php(12): file_get_contents('templates/lette...')
#2 /Users/constantinhoeft/Sites/localhost/voice-for-ukraine/app/Controllers/Render.php(22): App\Models\TemplateLoaderModel->load(Array)
#3 /Users/constantinhoeft/Sites/localhost/voice-for-ukraine/system/CodeIgniter.php(832): App\Controllers\Render->index()
#4 /Users/constantinhoeft/Sites/localhost/voice-for-ukraine/system/CodeIgniter.php(419): CodeIgniter\CodeIgniter->runController(Object(App\Controllers\Render))
#5 /Users/constantinhoeft/Sites/localhost/voice-for-ukraine/system/CodeIgniter.php(326): CodeIgniter\CodeIgniter->handleRequest(NULL, Object(Config\Cache), false)
#6 /Users/constantinhoeft/Sites/localhost/voice-for-ukraine/public/index.php(38): CodeIgniter\CodeIgniter->run()
#7 {main}
CRITICAL - 2022-03-06 06:47:51 --> Call to undefined method App\Models\TemplateLoaderModel::output()
#0 /Users/constantinhoeft/Sites/localhost/voice-for-ukraine/system/CodeIgniter.php(832): App\Controllers\Render->index()
#1 /Users/constantinhoeft/Sites/localhost/voice-for-ukraine/system/CodeIgniter.php(419): CodeIgniter\CodeIgniter->runController(Object(App\Controllers\Render))
#2 /Users/constantinhoeft/Sites/localhost/voice-for-ukraine/system/CodeIgniter.php(326): CodeIgniter\CodeIgniter->handleRequest(NULL, Object(Config\Cache), false)
#3 /Users/constantinhoeft/Sites/localhost/voice-for-ukraine/public/index.php(38): CodeIgniter\CodeIgniter->run()
#4 {main}
CRITICAL - 2022-03-06 06:57:26 --> Invalid file: ajax/result.php
#0 /Users/constantinhoeft/Sites/localhost/voice-for-ukraine/system/View/View.php(198): CodeIgniter\Exceptions\FrameworkException::forInvalidFile('ajax/result.php')
#1 /Users/constantinhoeft/Sites/localhost/voice-for-ukraine/system/Common.php(1089): CodeIgniter\View\View->render('ajax/result', Array, true)
#2 /Users/constantinhoeft/Sites/localhost/voice-for-ukraine/app/Controllers/Render.php(22): view('ajax/result', Array)
#3 /Users/constantinhoeft/Sites/localhost/voice-for-ukraine/system/CodeIgniter.php(832): App\Controllers\Render->index()
#4 /Users/constantinhoeft/Sites/localhost/voice-for-ukraine/system/CodeIgniter.php(419): CodeIgniter\CodeIgniter->runController(Object(App\Controllers\Render))
#5 /Users/constantinhoeft/Sites/localhost/voice-for-ukraine/system/CodeIgniter.php(326): CodeIgniter\CodeIgniter->handleRequest(NULL, Object(Config\Cache), false)
#6 /Users/constantinhoeft/Sites/localhost/voice-for-ukraine/public/index.php(38): CodeIgniter\CodeIgniter->run()
#7 {main}
CRITICAL - 2022-03-06 07:17:14 --> file_get_contents(templates/letters/_.txt): Failed to open stream: No such file or directory
#0 [internal function]: CodeIgniter\Debug\Exceptions->errorHandler(2, 'file_get_conten...', '/Users/constant...', 21)
#1 /Users/constantinhoeft/Sites/localhost/voice-for-ukraine/app/Models/TemplateLoaderModel.php(21): file_get_contents('templates/lette...')
#2 /Users/constantinhoeft/Sites/localhost/voice-for-ukraine/app/Controllers/Render.php(20): App\Models\TemplateLoaderModel->load(Array)
#3 /Users/constantinhoeft/Sites/localhost/voice-for-ukraine/system/CodeIgniter.php(832): App\Controllers\Render->index()
#4 /Users/constantinhoeft/Sites/localhost/voice-for-ukraine/system/CodeIgniter.php(419): CodeIgniter\CodeIgniter->runController(Object(App\Controllers\Render))
#5 /Users/constantinhoeft/Sites/localhost/voice-for-ukraine/system/CodeIgniter.php(326): CodeIgniter\CodeIgniter->handleRequest(NULL, Object(Config\Cache), false)
#6 /Users/constantinhoeft/Sites/localhost/voice-for-ukraine/public/index.php(38): CodeIgniter\CodeIgniter->run()
#7 {main}
CRITICAL - 2022-03-06 07:19:17 --> file_get_contents(templates/letters/un_en.txt): Failed to open stream: No such file or directory
#0 [internal function]: CodeIgniter\Debug\Exceptions->errorHandler(2, 'file_get_conten...', '/Users/constant...', 21)
#1 /Users/constantinhoeft/Sites/localhost/voice-for-ukraine/app/Models/TemplateLoaderModel.php(21): file_get_contents('templates/lette...')
#2 /Users/constantinhoeft/Sites/localhost/voice-for-ukraine/app/Controllers/Render.php(20): App\Models\TemplateLoaderModel->load(Array)
#3 /Users/constantinhoeft/Sites/localhost/voice-for-ukraine/system/CodeIgniter.php(832): App\Controllers\Render->index()
#4 /Users/constantinhoeft/Sites/localhost/voice-for-ukraine/system/CodeIgniter.php(419): CodeIgniter\CodeIgniter->runController(Object(App\Controllers\Render))
#5 /Users/constantinhoeft/Sites/localhost/voice-for-ukraine/system/CodeIgniter.php(326): CodeIgniter\CodeIgniter->handleRequest(NULL, Object(Config\Cache), false)
#6 /Users/constantinhoeft/Sites/localhost/voice-for-ukraine/public/index.php(38): CodeIgniter\CodeIgniter->run()
#7 {main}
CRITICAL - 2022-03-06 07:20:49 --> file_get_contents(templates/letters/un_en.txt): Failed to open stream: No such file or directory
#0 [internal function]: CodeIgniter\Debug\Exceptions->errorHandler(2, 'file_get_conten...', '/Users/constant...', 21)
#1 /Users/constantinhoeft/Sites/localhost/voice-for-ukraine/app/Models/TemplateLoaderModel.php(21): file_get_contents('templates/lette...')
#2 /Users/constantinhoeft/Sites/localhost/voice-for-ukraine/app/Controllers/Render.php(20): App\Models\TemplateLoaderModel->load(Array)
#3 /Users/constantinhoeft/Sites/localhost/voice-for-ukraine/system/CodeIgniter.php(832): App\Controllers\Render->index()
#4 /Users/constantinhoeft/Sites/localhost/voice-for-ukraine/system/CodeIgniter.php(419): CodeIgniter\CodeIgniter->runController(Object(App\Controllers\Render))
#5 /Users/constantinhoeft/Sites/localhost/voice-for-ukraine/system/CodeIgniter.php(326): CodeIgniter\CodeIgniter->handleRequest(NULL, Object(Config\Cache), false)
#6 /Users/constantinhoeft/Sites/localhost/voice-for-ukraine/public/index.php(38): CodeIgniter\CodeIgniter->run()
#7 {main}
